Using pre-set license
Built from '2021.3/staging' branch; Version is '2021.3.18f1 (3129e69bc0c7) revision 3221990'; Using compiler version '192829333'; Build Type 'Release'
OS: 'Windows 10  (10.0.19045) 64bit Education' Language: 'ru' Physical Memory: 12167 MB
BatchMode: 1, IsHumanControllingUs: 0, StartBugReporterOnCrash: 0, Is64bit: 1, IsPro: 1

COMMAND LINE ARGUMENTS:
C:\Program Files\Unity\Hub\Editor\2021.3.18f1\Editor\Unity.exe
-adb2
-batchMode
-noUpm
-name
AssetImportWorker1
-projectPath
C:/Users/Misha/Documents/GitHub/DragonPicker/My project
-logFile
Logs/AssetImportWorker1.log
-srvPort
59557
Successfully changed project path to: C:/Users/Misha/Documents/GitHub/DragonPicker/My project
C:/Users/Misha/Documents/GitHub/DragonPicker/My project
[UnityMemory] Configuration Parameters - Can be set up in boot.config
    "memorysetup-bucket-allocator-granularity=16"
    "memorysetup-bucket-allocator-bucket-count=8"
    "memorysetup-bucket-allocator-block-size=33554432"
    "memorysetup-bucket-allocator-block-count=8"
    "memorysetup-main-allocator-block-size=16777216"
    "memorysetup-thread-allocator-block-size=16777216"
    "memorysetup-gfx-main-allocator-block-size=16777216"
    "memorysetup-gfx-thread-allocator-block-size=16777216"
    "memorysetup-cache-allocator-block-size=4194304"
    "memorysetup-typetree-allocator-block-size=2097152"
    "memorysetup-profiler-bucket-allocator-granularity=16"
    "memorysetup-profiler-bucket-allocator-bucket-count=8"
    "memorysetup-profiler-bucket-allocator-block-size=33554432"
    "memorysetup-profiler-bucket-allocator-block-count=8"
    "memorysetup-profiler-allocator-block-size=16777216"
    "memorysetup-profiler-editor-allocator-block-size=1048576"
    "memorysetup-temp-allocator-size-main=16777216"
    "memorysetup-job-temp-allocator-block-size=2097152"
    "memorysetup-job-temp-allocator-block-size-background=1048576"
    "memorysetup-job-temp-allocator-reduction-small-platforms=262144"
    "memorysetup-temp-allocator-size-background-worker=32768"
    "memorysetup-temp-allocator-size-job-worker=262144"
    "memorysetup-temp-allocator-size-preload-manager=33554432"
    "memorysetup-temp-allocator-size-nav-mesh-worker=65536"
    "memorysetup-temp-allocator-size-audio-worker=65536"
    "memorysetup-temp-allocator-size-cloud-worker=32768"
    "memorysetup-temp-allocator-size-gi-baking-worker=262144"
    "memorysetup-temp-allocator-size-gfx=262144"
Player connection [4260] Host "[IP] 172.20.10.4 [Port] 0 [Flags] 2 [Guid] 2802186244 [EditorId] 2802186244 [Version] 1048832 [Id] WindowsEditor(7,DESKTOP-5K9GQ54) [Debug] 1 [PackageName] WindowsEditor [ProjectName] Editor" joined multi-casting on [225.0.0.222:54997]...

Player connection [4260] Host "[IP] 172.20.10.4 [Port] 0 [Flags] 2 [Guid] 2802186244 [EditorId] 2802186244 [Version] 1048832 [Id] WindowsEditor(7,DESKTOP-5K9GQ54) [Debug] 1 [PackageName] WindowsEditor [ProjectName] Editor" joined alternative multi-casting on [225.0.0.222:34997]...

Refreshing native plugins compatible for Editor in 119.49 ms, found 3 plugins.
Preloading 0 native plugins for Editor in 0.00 ms.
Initialize engine version: 2021.3.18f1 (3129e69bc0c7)
[Subsystems] Discovering subsystems at path C:/Program Files/Unity/Hub/Editor/2021.3.18f1/Editor/Data/Resources/UnitySubsystems
[Subsystems] Discovering subsystems at path C:/Users/Misha/Documents/GitHub/DragonPicker/My project/Assets
GfxDevice: creating device client; threaded=0; jobified=0
Direct3D:
    Version:  Direct3D 11.0 [level 11.1]
    Renderer: NVIDIA GeForce GTX 1050 Ti (ID=0x1c82)
    Vendor:   NVIDIA
    VRAM:     4017 MB
    Driver:   31.0.15.4617
Shader 'Custom/AdditiveTintable': fallback shader 'Particles/Additive (Soft)' not found
Initialize mono
Mono path[0] = 'C:/Program Files/Unity/Hub/Editor/2021.3.18f1/Editor/Data/Managed'
Mono path[1] = 'C:/Program Files/Unity/Hub/Editor/2021.3.18f1/Editor/Data/MonoBleedingEdge/lib/mono/unityjit-win32'
Mono config path = 'C:/Program Files/Unity/Hub/Editor/2021.3.18f1/Editor/Data/MonoBleedingEdge/etc'
Using monoOptions --debugger-agent=transport=dt_socket,embedding=1,server=y,suspend=n,address=127.0.0.1:56240
Begin MonoManager ReloadAssembly
Registering precompiled unity dll's ...
Register platform support module: C:/Program Files/Unity/Hub/Editor/2021.3.18f1/Editor/Data/PlaybackEngines/WebGLSupport/UnityEditor.WebGL.Extensions.dll
Register platform support module: C:/Program Files/Unity/Hub/Editor/2021.3.18f1/Editor/Data/PlaybackEngines/AndroidPlayer/UnityEditor.Android.Extensions.dll
Register platform support module: C:/Program Files/Unity/Hub/Editor/2021.3.18f1/Editor/Data/PlaybackEngines/iOSSupport/UnityEditor.iOS.Extensions.dll
Register platform support module: C:/Program Files/Unity/Hub/Editor/2021.3.18f1/Editor/Data/PlaybackEngines/WindowsStandaloneSupport/UnityEditor.WindowsStandalone.Extensions.dll
Register platform support module: C:/Program Files/Unity/Hub/Editor/2021.3.18f1/Editor/Data/PlaybackEngines/MetroSupport/UnityEditor.UWP.Extensions.dll
Registered in 0.016176 seconds.
Native extension for UWP target not found
Native extension for WindowsStandalone target not found
[usbmuxd] Start listen thread
[usbmuxd] Listen thread started
[usbmuxd] Send listen message
[usbmuxd] Attached: 39 40f5edf17411b82dde03355d4ec4b0830199c82f
Native extension for iOS target not found
Native extension for Android target not found
Android Extension - Scanning For ADB Devices 392 ms
Native extension for WebGL target not found
Refreshing native plugins compatible for Editor in 126.46 ms, found 3 plugins.
Preloading 0 native plugins for Editor in 0.00 ms.
Mono: successfully reloaded assembly
- Completed reload, in  1.500 seconds
Domain Reload Profiling:
	ReloadAssembly (1501ms)
		BeginReloadAssembly (120ms)
			ExecutionOrderSort (0ms)
			DisableScriptedObjects (0ms)
			BackupInstance (0ms)
			ReleaseScriptingObjects (0ms)
			CreateAndSetChildDomain (1ms)
		EndReloadAssembly (1198ms)
			LoadAssemblies (116ms)
			RebuildTransferFunctionScriptingTraits (0ms)
			SetupTypeCache (177ms)
			ReleaseScriptCaches (0ms)
			RebuildScriptCaches (50ms)
			SetupLoadedEditorAssemblies (886ms)
				LogAssemblyErrors (0ms)
				InitializePlatformSupportModulesInManaged (513ms)
				SetLoadedEditorAssemblies (0ms)
				RefreshPlugins (127ms)
				BeforeProcessingInitializeOnLoad (2ms)
				ProcessInitializeOnLoadAttributes (164ms)
				ProcessInitializeOnLoadMethodAttributes (80ms)
				AfterProcessingInitializeOnLoad (0ms)
				EditorAssembliesLoaded (0ms)
			ExecutionOrderSort2 (0ms)
			AwakeInstancesAfterBackupRestoration (0ms)
Platform modules already initialized, skipping
Registering precompiled user dll's ...
Registered in 0.010153 seconds.
Begin MonoManager ReloadAssembly
Symbol file LoadedFromMemory doesn't match image C:\Users\Misha\Documents\GitHub\DragonPicker\My project\Library\PackageCache\com.unity.visualscripting@1.8.0\Editor\VisualScripting.Core\Dependencies\YamlDotNet\Unity.VisualScripting.YamlDotNet.dll
Symbol file LoadedFromMemory doesn't match image C:\Users\Misha\Documents\GitHub\DragonPicker\My project\Library\PackageCache\com.unity.visualscripting@1.8.0\Editor\VisualScripting.Core\Dependencies\DotNetZip\Unity.VisualScripting.IonicZip.dll
Native extension for UWP target not found
Native extension for WindowsStandalone target not found
Native extension for iOS target not found
Native extension for Android target not found
Native extension for WebGL target not found
Refreshing native plugins compatible for Editor in 0.69 ms, found 3 plugins.
Preloading 0 native plugins for Editor in 0.00 ms.
Mono: successfully reloaded assembly
- Completed reload, in  1.660 seconds
Domain Reload Profiling:
	ReloadAssembly (1661ms)
		BeginReloadAssembly (192ms)
			ExecutionOrderSort (0ms)
			DisableScriptedObjects (14ms)
			BackupInstance (0ms)
			ReleaseScriptingObjects (0ms)
			CreateAndSetChildDomain (36ms)
		EndReloadAssembly (1294ms)
			LoadAssemblies (142ms)
			RebuildTransferFunctionScriptingTraits (0ms)
			SetupTypeCache (440ms)
			ReleaseScriptCaches (1ms)
			RebuildScriptCaches (86ms)
			SetupLoadedEditorAssemblies (571ms)
				LogAssemblyErrors (0ms)
				InitializePlatformSupportModulesInManaged (51ms)
				SetLoadedEditorAssemblies (1ms)
				RefreshPlugins (1ms)
				BeforeProcessingInitializeOnLoad (135ms)
				ProcessInitializeOnLoadAttributes (342ms)
				ProcessInitializeOnLoadMethodAttributes (29ms)
				AfterProcessingInitializeOnLoad (12ms)
				EditorAssembliesLoaded (1ms)
			ExecutionOrderSort2 (0ms)
			AwakeInstancesAfterBackupRestoration (9ms)
Platform modules already initialized, skipping
========================================================================
Worker process is ready to serve import requests
Shader 'Custom/AdditiveTintable': fallback shader 'Particles/Additive (Soft)' not found
Launched and connected shader compiler UnityShaderCompiler.exe after 0.07 seconds
Refreshing native plugins compatible for Editor in 0.73 ms, found 3 plugins.
Preloading 0 native plugins for Editor in 0.00 ms.
Unloading 3164 Unused Serialized files (Serialized files now loaded: 0)
Unloading 26 unused Assets / (114.4 KB). Loaded Objects now: 3631.
Memory consumption went from 114.7 MB to 114.6 MB.
Total: 4.049400 ms (FindLiveObjects: 0.496800 ms CreateObjectMapping: 0.403600 ms MarkObjects: 2.943200 ms  DeleteObjects: 0.204500 ms)

AssetImportParameters requested are different than current active one (requested -> active):
  custom:video-decoder-ogg-theora: a1e56fd34408186e4bbccfd4996cb3dc -> 
  custom:container-muxer-webm: aa71ff27fc2769a1b78a27578f13a17b -> 
  custom:container-demuxer-webm: 4f35f7cbe854078d1ac9338744f61a02 -> 
  custom:video-encoder-webm-vp8: eb34c28f22e8b96e1ab97ce403110664 -> 
  custom:audio-encoder-webm-vorbis: bf7c407c2cedff20999df2af8eb42d56 -> 
  custom:framework-win-MediaFoundation: 216162199b28c13a410421893ffa2e32 -> 
  custom:container-demuxer-ogg: 62fdf1f143b41e24485cea50d1cbac27 -> 
  custom:video-decoder-webm-vp8: 9c59270c3fd7afecdb556c50c9e8de78 -> 
  custom:audio-decoder-ogg-vorbis: bf7c407c2cedff20999df2af8eb42d56 -> 
========================================================================
Received Import Request.
  Time since last request: 886649.485279 seconds.
  path: Assets
  artifactKey: Guid(00000000000000001000000000000000) Importer(815301076,1909f56bfc062723c751e8b465ee728b)
Start importing Assets using Guid(00000000000000001000000000000000) Importer(815301076,1909f56bfc062723c751e8b465ee728b)  -> (artifact id: '79842766b460edbeab6a34051e857a80') in 0.041102 seconds 
========================================================================
Received Import Request.
  Time since last request: 0.000054 seconds.
  path: Assets/_Scenes/_0Scene.unity
  artifactKey: Guid(9fc0d4010bbf28b4594072e72b8655ab) Importer(815301076,1909f56bfc062723c751e8b465ee728b)
Start importing Assets/_Scenes/_0Scene.unity using Guid(9fc0d4010bbf28b4594072e72b8655ab) Importer(815301076,1909f56bfc062723c751e8b465ee728b)  -> (artifact id: 'daf530468fe7bc9d69a92aa507c44977') in 0.012328 seconds 
========================================================================
Received Import Request.
  Time since last request: 783.471504 seconds.
  path: Assets/_Scenes
  artifactKey: Guid(6ea315d0fd7389c41b19996891e99ae3) Importer(815301076,1909f56bfc062723c751e8b465ee728b)
Start importing Assets/_Scenes using Guid(6ea315d0fd7389c41b19996891e99ae3) Importer(815301076,1909f56bfc062723c751e8b465ee728b)  -> (artifact id: '96e1bf1849dc99d3bc24b095b1dd9569') in 0.016417 seconds 
========================================================================
Received Import Request.
  Time since last request: 11.489998 seconds.
  path: Assets/_Scenes/_1Scene.unity
  artifactKey: Guid(9fc0d4010bbf28b4594072e72b8655ab) Importer(815301076,1909f56bfc062723c751e8b465ee728b)
Start importing Assets/_Scenes/_1Scene.unity using Guid(9fc0d4010bbf28b4594072e72b8655ab) Importer(815301076,1909f56bfc062723c751e8b465ee728b)  -> (artifact id: 'b7f9c5acfa98b5ec1ec13330d2d5ef08') in 0.018449 seconds 
========================================================================
Received Import Request.
  Time since last request: 23.104671 seconds.
  path: Assets/_Scenes/_1Scene 1.unity
  artifactKey: Guid(59eab1938400a2644aa6a61104ba2599) Importer(815301076,1909f56bfc062723c751e8b465ee728b)
Start importing Assets/_Scenes/_1Scene 1.unity using Guid(59eab1938400a2644aa6a61104ba2599) Importer(815301076,1909f56bfc062723c751e8b465ee728b)  -> (artifact id: '21312c19d1d12cce6ef7749568c14840') in 0.017763 seconds 
========================================================================
Received Import Request.
  Time since last request: 6.947652 seconds.
  path: Assets/_Scenes/_0Scene.unity
  artifactKey: Guid(59eab1938400a2644aa6a61104ba2599) Importer(815301076,1909f56bfc062723c751e8b465ee728b)
Start importing Assets/_Scenes/_0Scene.unity using Guid(59eab1938400a2644aa6a61104ba2599) Importer(815301076,1909f56bfc062723c751e8b465ee728b)  -> (artifact id: '852027f041d98408db38727571f86641') in 0.002540 seconds 
========================================================================
Received Import Request.
  Time since last request: 192.984017 seconds.
  path: Assets/_Animations
  artifactKey: Guid(bc113f29e3947dc4a9a8c5d0296cd11a) Importer(815301076,1909f56bfc062723c751e8b465ee728b)
Start importing Assets/_Animations using Guid(bc113f29e3947dc4a9a8c5d0296cd11a) Importer(815301076,1909f56bfc062723c751e8b465ee728b)  -> (artifact id: '5ab634c956ad4b62685e1d92e5c0a97b') in 0.015106 seconds 
========================================================================
Received Import Request.
  Time since last request: 7.628448 seconds.
  path: Assets/_Animations/New Animator Controller.controller
  artifactKey: Guid(4f26df4f1ce54c54cb54677baab2961a) Importer(815301076,1909f56bfc062723c751e8b465ee728b)
Start importing Assets/_Animations/New Animator Controller.controller using Guid(4f26df4f1ce54c54cb54677baab2961a) Importer(815301076,1909f56bfc062723c751e8b465ee728b)  -> (artifact id: 'f740cf531df004183b8e81b55d7de286') in 0.118621 seconds 
========================================================================
Received Import Request.
  Time since last request: 6.453999 seconds.
  path: Assets/_Animations/DragonIDLE.controller
  artifactKey: Guid(4f26df4f1ce54c54cb54677baab2961a) Importer(815301076,1909f56bfc062723c751e8b465ee728b)
Start importing Assets/_Animations/DragonIDLE.controller using Guid(4f26df4f1ce54c54cb54677baab2961a) Importer(815301076,1909f56bfc062723c751e8b465ee728b)  -> (artifact id: '06da1815d1ba65c5010d25d3e6c59ec1') in 0.015928 seconds 
========================================================================
Received Import Request.
  Time since last request: 40.134136 seconds.
  path: Assets/_Animations/EnemyCTRL.controller
  artifactKey: Guid(7c58cdb0d3bbe4f4cbade21a6328f36b) Importer(815301076,1909f56bfc062723c751e8b465ee728b)
Start importing Assets/_Animations/EnemyCTRL.controller using Guid(7c58cdb0d3bbe4f4cbade21a6328f36b) Importer(815301076,1909f56bfc062723c751e8b465ee728b)  -> (artifact id: '7b62859a85a3b3f8e671066f42a3cbf0') in 0.035782 seconds 
========================================================================
Received Prepare
Registering precompiled user dll's ...
Registered in 0.009400 seconds.
Begin MonoManager ReloadAssembly
Symbol file LoadedFromMemory doesn't match image C:\Users\Misha\Documents\GitHub\DragonPicker\My project\Library\PackageCache\com.unity.visualscripting@1.8.0\Editor\VisualScripting.Core\Dependencies\YamlDotNet\Unity.VisualScripting.YamlDotNet.dll
Symbol file LoadedFromMemory doesn't match image C:\Users\Misha\Documents\GitHub\DragonPicker\My project\Library\PackageCache\com.unity.visualscripting@1.8.0\Editor\VisualScripting.Core\Dependencies\DotNetZip\Unity.VisualScripting.IonicZip.dll
Native extension for UWP target not found
Native extension for WindowsStandalone target not found
Native extension for iOS target not found
Native extension for Android target not found
Native extension for WebGL target not found
Refreshing native plugins compatible for Editor in 0.81 ms, found 3 plugins.
Preloading 0 native plugins for Editor in 0.00 ms.
Mono: successfully reloaded assembly
- Completed reload, in  2.345 seconds
Domain Reload Profiling:
	ReloadAssembly (2346ms)
		BeginReloadAssembly (304ms)
			ExecutionOrderSort (0ms)
			DisableScriptedObjects (13ms)
			BackupInstance (0ms)
			ReleaseScriptingObjects (0ms)
			CreateAndSetChildDomain (83ms)
		EndReloadAssembly (1650ms)
			LoadAssemblies (185ms)
			RebuildTransferFunctionScriptingTraits (0ms)
			SetupTypeCache (558ms)
			ReleaseScriptCaches (2ms)
			RebuildScriptCaches (82ms)
			SetupLoadedEditorAssemblies (752ms)
				LogAssemblyErrors (0ms)
				InitializePlatformSupportModulesInManaged (89ms)
				SetLoadedEditorAssemblies (1ms)
				RefreshPlugins (1ms)
				BeforeProcessingInitializeOnLoad (126ms)
				ProcessInitializeOnLoadAttributes (474ms)
				ProcessInitializeOnLoadMethodAttributes (46ms)
				AfterProcessingInitializeOnLoad (15ms)
				EditorAssembliesLoaded (1ms)
			ExecutionOrderSort2 (0ms)
			AwakeInstancesAfterBackupRestoration (10ms)
Platform modules already initialized, skipping
Shader 'Custom/AdditiveTintable': fallback shader 'Particles/Additive (Soft)' not found
Refreshing native plugins compatible for Editor in 3.12 ms, found 3 plugins.
Preloading 0 native plugins for Editor in 0.00 ms.
Unloading 3145 Unused Serialized files (Serialized files now loaded: 0)
Unloading 19 unused Assets / (81.1 KB). Loaded Objects now: 3635.
Memory consumption went from 113.1 MB to 113.0 MB.
Total: 4.520400 ms (FindLiveObjects: 0.296400 ms CreateObjectMapping: 0.301100 ms MarkObjects: 3.703300 ms  DeleteObjects: 0.218100 ms)

AssetImportParameters requested are different than current active one (requested -> active):
  custom:video-decoder-ogg-theora: a1e56fd34408186e4bbccfd4996cb3dc -> 
  custom:container-muxer-webm: aa71ff27fc2769a1b78a27578f13a17b -> 
  custom:container-demuxer-webm: 4f35f7cbe854078d1ac9338744f61a02 -> 
  custom:video-encoder-webm-vp8: eb34c28f22e8b96e1ab97ce403110664 -> 
  custom:audio-encoder-webm-vorbis: bf7c407c2cedff20999df2af8eb42d56 -> 
  custom:framework-win-MediaFoundation: 216162199b28c13a410421893ffa2e32 -> 
  custom:container-demuxer-ogg: 62fdf1f143b41e24485cea50d1cbac27 -> 
  custom:video-decoder-webm-vp8: 9c59270c3fd7afecdb556c50c9e8de78 -> 
  custom:audio-decoder-ogg-vorbis: bf7c407c2cedff20999df2af8eb42d56 -> 
========================================================================
Received Import Request.
  Time since last request: 166.412519 seconds.
  path: Assets/WebGLTemplates
  artifactKey: Guid(576a0821a2a164f4aa986e077cdb9a5a) Importer(815301076,1909f56bfc062723c751e8b465ee728b)
Start importing Assets/WebGLTemplates using Guid(576a0821a2a164f4aa986e077cdb9a5a) Importer(815301076,1909f56bfc062723c751e8b465ee728b)  -> (artifact id: '6468e42446a42f8155c9177c17fb5898') in 0.028456 seconds 
========================================================================
Received Import Request.
  Time since last request: 0.871668 seconds.
  path: Assets/TextMesh Pro
  artifactKey: Guid(f54d1bd14bd3ca042bd867b519fee8cc) Importer(815301076,1909f56bfc062723c751e8b465ee728b)
Start importing Assets/TextMesh Pro using Guid(f54d1bd14bd3ca042bd867b519fee8cc) Importer(815301076,1909f56bfc062723c751e8b465ee728b)  -> (artifact id: 'f5648c5ef36b7beab651a001a8d08867') in 0.016842 seconds 
========================================================================
Received Import Request.
  Time since last request: 1.441407 seconds.
  path: Assets/Painted HQ 2D Forest Medieval Background
  artifactKey: Guid(c349735ec524e91418144c473c74c4cf) Importer(815301076,1909f56bfc062723c751e8b465ee728b)
Start importing Assets/Painted HQ 2D Forest Medieval Background using Guid(c349735ec524e91418144c473c74c4cf) Importer(815301076,1909f56bfc062723c751e8b465ee728b)  -> (artifact id: 'fc76d63e004d465b8f6d0f3b610d1d4b') in 0.016693 seconds 
========================================================================
Received Import Request.
  Time since last request: 18.932522 seconds.
  path: Assets/Painted HQ 2D Forest Medieval Background/day
  artifactKey: Guid(be61884b24a259649bc5e023ef71227e) Importer(815301076,1909f56bfc062723c751e8b465ee728b)
Start importing Assets/Painted HQ 2D Forest Medieval Background/day using Guid(be61884b24a259649bc5e023ef71227e) Importer(815301076,1909f56bfc062723c751e8b465ee728b)  -> (artifact id: 'adcfa77a529b5ca7ab89fd268b480100') in 0.015330 seconds 
========================================================================
Received Import Request.
  Time since last request: 0.055613 seconds.
  path: Assets/Painted HQ 2D Forest Medieval Background/day/cloud01.png
  artifactKey: Guid(d083d3f17cd7d0b4baedc62d855471c8) Importer(815301076,1909f56bfc062723c751e8b465ee728b)
Start importing Assets/Painted HQ 2D Forest Medieval Background/day/cloud01.png using Guid(d083d3f17cd7d0b4baedc62d855471c8) Importer(815301076,1909f56bfc062723c751e8b465ee728b)  -> (artifact id: 'f14ba4a1ae3b12e6a5e782faf27e9db1') in 0.391688 seconds 
========================================================================
Received Import Request.
  Time since last request: 0.000036 seconds.
  path: Assets/Painted HQ 2D Forest Medieval Background/day/mountain02.png
  artifactKey: Guid(bf66f81ff5312b0468db46a55bc8b271) Importer(815301076,1909f56bfc062723c751e8b465ee728b)
Start importing Assets/Painted HQ 2D Forest Medieval Background/day/mountain02.png using Guid(bf66f81ff5312b0468db46a55bc8b271) Importer(815301076,1909f56bfc062723c751e8b465ee728b)  -> (artifact id: '3614a2d22584475ff005349285e27e7b') in 0.140316 seconds 
========================================================================
Received Import Request.
  Time since last request: 0.000056 seconds.
  path: Assets/Painted HQ 2D Forest Medieval Background/day/cloud02.png
  artifactKey: Guid(5f9e50fddcbd27747be4ff005e67979b) Importer(815301076,1909f56bfc062723c751e8b465ee728b)
Start importing Assets/Painted HQ 2D Forest Medieval Background/day/cloud02.png using Guid(5f9e50fddcbd27747be4ff005e67979b) Importer(815301076,1909f56bfc062723c751e8b465ee728b)  -> (artifact id: 'f6918e6787f43eb75e87ec0a085df250') in 0.046079 seconds 
========================================================================
Received Import Request.
  Time since last request: 0.000037 seconds.
  path: Assets/Painted HQ 2D Forest Medieval Background/day/cloud03.png
  artifactKey: Guid(b2e7ab64fd7eb364ab7451d09f294367) Importer(815301076,1909f56bfc062723c751e8b465ee728b)
Start importing Assets/Painted HQ 2D Forest Medieval Background/day/cloud03.png using Guid(b2e7ab64fd7eb364ab7451d09f294367) Importer(815301076,1909f56bfc062723c751e8b465ee728b)  -> (artifact id: 'c3828aaa7a88d8aa83abbad62fd95ea8') in 0.058032 seconds 
========================================================================
Received Import Request.
  Time since last request: 0.000038 seconds.
  path: Assets/Painted HQ 2D Forest Medieval Background/day/mountain01.png
  artifactKey: Guid(63bd50a6c3fd26b439c10e599e94b853) Importer(815301076,1909f56bfc062723c751e8b465ee728b)
Start importing Assets/Painted HQ 2D Forest Medieval Background/day/mountain01.png using Guid(63bd50a6c3fd26b439c10e599e94b853) Importer(815301076,1909f56bfc062723c751e8b465ee728b)  -> (artifact id: 'c8ac6044095e42890ee99544f161f2f5') in 0.131681 seconds 
========================================================================
Received Import Request.
  Time since last request: 0.000030 seconds.
  path: Assets/Painted HQ 2D Forest Medieval Background/day/sky.png
  artifactKey: Guid(70e32caafad415e489dea7aa867977e0) Importer(815301076,1909f56bfc062723c751e8b465ee728b)
Start importing Assets/Painted HQ 2D Forest Medieval Background/day/sky.png using Guid(70e32caafad415e489dea7aa867977e0) Importer(815301076,1909f56bfc062723c751e8b465ee728b)  -> (artifact id: 'f476d406981230ac770a9977681da233') in 0.237770 seconds 
========================================================================
Received Import Request.
  Time since last request: 3.916457 seconds.
  path: Assets/Painted HQ 2D Forest Medieval Background/day/cloud02 1.png
  artifactKey: Guid(6aa0f4aa5a8670c4c9bcc2bbf5916e71) Importer(815301076,1909f56bfc062723c751e8b465ee728b)
Start importing Assets/Painted HQ 2D Forest Medieval Background/day/cloud02 1.png using Guid(6aa0f4aa5a8670c4c9bcc2bbf5916e71) Importer(815301076,1909f56bfc062723c751e8b465ee728b)  -> (artifact id: 'c428fb4a9c242dd7a81200119e87efc0') in 0.027643 seconds 
========================================================================
Received Import Request.
  Time since last request: 13.926130 seconds.
  path: Assets/_Textures/diff.psd
  artifactKey: Guid(ea21e7249d2de19448ef7795ee426588) Importer(815301076,1909f56bfc062723c751e8b465ee728b)
Start importing Assets/_Textures/diff.psd using Guid(ea21e7249d2de19448ef7795ee426588) Importer(815301076,1909f56bfc062723c751e8b465ee728b)  -> (artifact id: 'd8bf45eaad65fda406e9fc63b4743c59') in 0.058126 seconds 
========================================================================
Received Import Request.
  Time since last request: 0.000027 seconds.
  path: Assets/_Textures/FireParticleMeteorSquare2TextureMap.jpg
  artifactKey: Guid(18be13f7940e89b48a752726d91f5ab1) Importer(815301076,1909f56bfc062723c751e8b465ee728b)
Start importing Assets/_Textures/FireParticleMeteorSquare2TextureMap.jpg using Guid(18be13f7940e89b48a752726d91f5ab1) Importer(815301076,1909f56bfc062723c751e8b465ee728b)  -> (artifact id: '16b83f24df5548a95d6655bd0b4387a5') in 0.175707 seconds 
========================================================================
Received Import Request.
  Time since last request: 0.000026 seconds.
  path: Assets/_Textures/FireParticleMeteorSquareTexture.jpg
  artifactKey: Guid(3c4560eb7f31ec9449fbf5d54ec5d700) Importer(815301076,1909f56bfc062723c751e8b465ee728b)
Start importing Assets/_Textures/FireParticleMeteorSquareTexture.jpg using Guid(3c4560eb7f31ec9449fbf5d54ec5d700) Importer(815301076,1909f56bfc062723c751e8b465ee728b)  -> (artifact id: '84b8d6858d306a9b360782f3c61b9635') in 0.028909 seconds 
========================================================================
Received Import Request.
  Time since last request: 0.000036 seconds.
  path: Assets/_Textures/FireParticleMeteorSquare2Texture.jpg
  artifactKey: Guid(3e17cde94663e0b47bfd7c35b9ed7eb9) Importer(815301076,1909f56bfc062723c751e8b465ee728b)
Start importing Assets/_Textures/FireParticleMeteorSquare2Texture.jpg using Guid(3e17cde94663e0b47bfd7c35b9ed7eb9) Importer(815301076,1909f56bfc062723c751e8b465ee728b)  -> (artifact id: 'c83498e8474288fa6dc7eb349f4611d2') in 0.117371 seconds 
========================================================================
Received Import Request.
  Time since last request: 0.000117 seconds.
  path: Assets/_Textures/FireParticleSingleTexture.png
  artifactKey: Guid(5a649f53516f8bd4c91bfdca03e86134) Importer(815301076,1909f56bfc062723c751e8b465ee728b)
Start importing Assets/_Textures/FireParticleSingleTexture.png using Guid(5a649f53516f8bd4c91bfdca03e86134) Importer(815301076,1909f56bfc062723c751e8b465ee728b)  -> (artifact id: '797b4a3d878f3650f8bad812825df48c') in 0.081548 seconds 
========================================================================
Received Import Request.
  Time since last request: 0.000034 seconds.
  path: Assets/_Textures/purpleHP.png
  artifactKey: Guid(75239c16f6a0b7d4293cac07f14f0c33) Importer(815301076,1909f56bfc062723c751e8b465ee728b)
Start importing Assets/_Textures/purpleHP.png using Guid(75239c16f6a0b7d4293cac07f14f0c33) Importer(815301076,1909f56bfc062723c751e8b465ee728b)  -> (artifact id: '8aab530e4ba17da11261fae07fc6d31e') in 0.061277 seconds 
========================================================================
Received Import Request.
  Time since last request: 0.000039 seconds.
  path: Assets/_Textures/FireParticleMeteorSquare4Texture.jpg
  artifactKey: Guid(b5e907d6678f11941857317901b1f385) Importer(815301076,1909f56bfc062723c751e8b465ee728b)
Start importing Assets/_Textures/FireParticleMeteorSquare4Texture.jpg using Guid(b5e907d6678f11941857317901b1f385) Importer(815301076,1909f56bfc062723c751e8b465ee728b)  -> (artifact id: '8b7ec69cbe08d873750744b1b9468a1d') in 0.088267 seconds 
========================================================================
Received Import Request.
  Time since last request: 0.000024 seconds.
  path: Assets/_Textures/FireParticleMeteorSquareTextureMap.jpg
  artifactKey: Guid(4be36169ba67970429f3b124b8bb047d) Importer(815301076,1909f56bfc062723c751e8b465ee728b)
Start importing Assets/_Textures/FireParticleMeteorSquareTextureMap.jpg using Guid(4be36169ba67970429f3b124b8bb047d) Importer(815301076,1909f56bfc062723c751e8b465ee728b)  -> (artifact id: 'dedbc1d96c7c22e2a7a357b77a6b051d') in 0.039293 seconds 
========================================================================
Received Import Request.
  Time since last request: 0.000611 seconds.
  path: Assets/_Textures/FireParticleMeteorSquare4TextureMap.jpg
  artifactKey: Guid(71a140d2ef8bfbf4184bc56b8e2b66d0) Importer(815301076,1909f56bfc062723c751e8b465ee728b)
Start importing Assets/_Textures/FireParticleMeteorSquare4TextureMap.jpg using Guid(71a140d2ef8bfbf4184bc56b8e2b66d0) Importer(815301076,1909f56bfc062723c751e8b465ee728b)  -> (artifact id: '7acb6db7bc18085ee4829d379f0d994f') in 0.065921 seconds 
========================================================================
Received Import Request.
  Time since last request: 0.011189 seconds.
  path: Assets/_Textures/normal.psd
  artifactKey: Guid(56677d810b9695f42b1a2837438e597f) Importer(815301076,1909f56bfc062723c751e8b465ee728b)
Start importing Assets/_Textures/normal.psd using Guid(56677d810b9695f42b1a2837438e597f) Importer(815301076,1909f56bfc062723c751e8b465ee728b)  -> (artifact id: '96f85e3fb0fbd79f6812c1082ae5fc4d') in 0.058033 seconds 
========================================================================
Received Prepare
Registering precompiled user dll's ...
Registered in 0.007429 seconds.
Begin MonoManager ReloadAssembly
Symbol file LoadedFromMemory doesn't match image C:\Users\Misha\Documents\GitHub\DragonPicker\My project\Library\PackageCache\com.unity.visualscripting@1.8.0\Editor\VisualScripting.Core\Dependencies\YamlDotNet\Unity.VisualScripting.YamlDotNet.dll
Symbol file LoadedFromMemory doesn't match image C:\Users\Misha\Documents\GitHub\DragonPicker\My project\Library\PackageCache\com.unity.visualscripting@1.8.0\Editor\VisualScripting.Core\Dependencies\DotNetZip\Unity.VisualScripting.IonicZip.dll
Native extension for UWP target not found
Native extension for WindowsStandalone target not found
Native extension for iOS target not found
Native extension for Android target not found
Native extension for WebGL target not found
Refreshing native plugins compatible for Editor in 0.83 ms, found 3 plugins.
Preloading 0 native plugins for Editor in 0.00 ms.
Mono: successfully reloaded assembly
- Completed reload, in  2.198 seconds
Domain Reload Profiling:
	ReloadAssembly (2199ms)
		BeginReloadAssembly (208ms)
			ExecutionOrderSort (0ms)
			DisableScriptedObjects (10ms)
			BackupInstance (0ms)
			ReleaseScriptingObjects (0ms)
			CreateAndSetChildDomain (60ms)
		EndReloadAssembly (1830ms)
			LoadAssemblies (136ms)
			RebuildTransferFunctionScriptingTraits (0ms)
			SetupTypeCache (597ms)
			ReleaseScriptCaches (2ms)
			RebuildScriptCaches (110ms)
			SetupLoadedEditorAssemblies (816ms)
				LogAssemblyErrors (0ms)
				InitializePlatformSupportModulesInManaged (93ms)
				SetLoadedEditorAssemblies (1ms)
				RefreshPlugins (1ms)
				BeforeProcessingInitializeOnLoad (144ms)
				ProcessInitializeOnLoadAttributes (513ms)
				ProcessInitializeOnLoadMethodAttributes (43ms)
				AfterProcessingInitializeOnLoad (21ms)
				EditorAssembliesLoaded (0ms)
			ExecutionOrderSort2 (0ms)
			AwakeInstancesAfterBackupRestoration (13ms)
Platform modules already initialized, skipping
Shader 'Custom/AdditiveTintable': fallback shader 'Particles/Additive (Soft)' not found
Refreshing native plugins compatible for Editor in 3.56 ms, found 3 plugins.
Preloading 0 native plugins for Editor in 0.00 ms.
Unloading 3145 Unused Serialized files (Serialized files now loaded: 0)
Unloading 19 unused Assets / (80.9 KB). Loaded Objects now: 3662.
Memory consumption went from 117.6 MB to 117.5 MB.
Total: 3.576200 ms (FindLiveObjects: 0.297500 ms CreateObjectMapping: 0.232300 ms MarkObjects: 2.932200 ms  DeleteObjects: 0.113100 ms)

AssetImportParameters requested are different than current active one (requested -> active):
  custom:video-decoder-ogg-theora: a1e56fd34408186e4bbccfd4996cb3dc -> 
  custom:container-muxer-webm: aa71ff27fc2769a1b78a27578f13a17b -> 
  custom:container-demuxer-webm: 4f35f7cbe854078d1ac9338744f61a02 -> 
  custom:video-encoder-webm-vp8: eb34c28f22e8b96e1ab97ce403110664 -> 
  custom:audio-encoder-webm-vorbis: bf7c407c2cedff20999df2af8eb42d56 -> 
  custom:framework-win-MediaFoundation: 216162199b28c13a410421893ffa2e32 -> 
  custom:container-demuxer-ogg: 62fdf1f143b41e24485cea50d1cbac27 -> 
  custom:video-decoder-webm-vp8: 9c59270c3fd7afecdb556c50c9e8de78 -> 
  custom:audio-decoder-ogg-vorbis: bf7c407c2cedff20999df2af8eb42d56 -> 
========================================================================
Received Import Request.
  Time since last request: 343.787412 seconds.
  path: Assets/_Animations/CloudAnimation.anim
  artifactKey: Guid(a42dca9dd3a68704c8ca57498072ffc4) Importer(815301076,1909f56bfc062723c751e8b465ee728b)
Start importing Assets/_Animations/CloudAnimation.anim using Guid(a42dca9dd3a68704c8ca57498072ffc4) Importer(815301076,1909f56bfc062723c751e8b465ee728b)  -> (artifact id: '7fac56621d450001af1aa79ba9d87b54') in 0.030985 seconds 
========================================================================
Received Import Request.
  Time since last request: 12.293710 seconds.
  path: Assets/_Animations/cloud02 1.controller
  artifactKey: Guid(87a96aa2072b756438a9532e6bca42df) Importer(815301076,1909f56bfc062723c751e8b465ee728b)
Start importing Assets/_Animations/cloud02 1.controller using Guid(87a96aa2072b756438a9532e6bca42df) Importer(815301076,1909f56bfc062723c751e8b465ee728b)  -> (artifact id: '12ebaafe37b66f9095f18324a18f2c94') in 0.007141 seconds 
========================================================================
Received Prepare
Registering precompiled user dll's ...
Registered in 0.015544 seconds.
Begin MonoManager ReloadAssembly
Symbol file LoadedFromMemory doesn't match image C:\Users\Misha\Documents\GitHub\DragonPicker\My project\Library\PackageCache\com.unity.visualscripting@1.8.0\Editor\VisualScripting.Core\Dependencies\YamlDotNet\Unity.VisualScripting.YamlDotNet.dll
Symbol file LoadedFromMemory doesn't match image C:\Users\Misha\Documents\GitHub\DragonPicker\My project\Library\PackageCache\com.unity.visualscripting@1.8.0\Editor\VisualScripting.Core\Dependencies\DotNetZip\Unity.VisualScripting.IonicZip.dll
Native extension for UWP target not found
Native extension for WindowsStandalone target not found
Native extension for iOS target not found
Native extension for Android target not found
Native extension for WebGL target not found
Refreshing native plugins compatible for Editor in 0.75 ms, found 3 plugins.
Preloading 0 native plugins for Editor in 0.00 ms.
Mono: successfully reloaded assembly
- Completed reload, in  1.896 seconds
Domain Reload Profiling:
	ReloadAssembly (1897ms)
		BeginReloadAssembly (269ms)
			ExecutionOrderSort (0ms)
			DisableScriptedObjects (15ms)
			BackupInstance (0ms)
			ReleaseScriptingObjects (1ms)
			CreateAndSetChildDomain (83ms)
		EndReloadAssembly (1446ms)
			LoadAssemblies (155ms)
			RebuildTransferFunctionScriptingTraits (0ms)
			SetupTypeCache (475ms)
			ReleaseScriptCaches (2ms)
			RebuildScriptCaches (140ms)
			SetupLoadedEditorAssemblies (606ms)
				LogAssemblyErrors (0ms)
				InitializePlatformSupportModulesInManaged (73ms)
				SetLoadedEditorAssemblies (1ms)
				RefreshPlugins (1ms)
				BeforeProcessingInitializeOnLoad (120ms)
				ProcessInitializeOnLoadAttributes (358ms)
				ProcessInitializeOnLoadMethodAttributes (40ms)
				AfterProcessingInitializeOnLoad (14ms)
				EditorAssembliesLoaded (0ms)
			ExecutionOrderSort2 (0ms)
			AwakeInstancesAfterBackupRestoration (11ms)
Platform modules already initialized, skipping
Shader 'Custom/AdditiveTintable': fallback shader 'Particles/Additive (Soft)' not found
Refreshing native plugins compatible for Editor in 2.79 ms, found 3 plugins.
Preloading 0 native plugins for Editor in 0.00 ms.
Unloading 3145 Unused Serialized files (Serialized files now loaded: 0)
Unloading 19 unused Assets / (80.9 KB). Loaded Objects now: 3665.
Memory consumption went from 117.6 MB to 117.5 MB.
Total: 3.435600 ms (FindLiveObjects: 0.293800 ms CreateObjectMapping: 0.125100 ms MarkObjects: 2.860100 ms  DeleteObjects: 0.155500 ms)

AssetImportParameters requested are different than current active one (requested -> active):
  custom:video-decoder-ogg-theora: a1e56fd34408186e4bbccfd4996cb3dc -> 
  custom:container-muxer-webm: aa71ff27fc2769a1b78a27578f13a17b -> 
  custom:container-demuxer-webm: 4f35f7cbe854078d1ac9338744f61a02 -> 
  custom:video-encoder-webm-vp8: eb34c28f22e8b96e1ab97ce403110664 -> 
  custom:audio-encoder-webm-vorbis: bf7c407c2cedff20999df2af8eb42d56 -> 
  custom:framework-win-MediaFoundation: 216162199b28c13a410421893ffa2e32 -> 
  custom:container-demuxer-ogg: 62fdf1f143b41e24485cea50d1cbac27 -> 
  custom:video-decoder-webm-vp8: 9c59270c3fd7afecdb556c50c9e8de78 -> 
  custom:audio-decoder-ogg-vorbis: bf7c407c2cedff20999df2af8eb42d56 -> 
========================================================================
Received Prepare
Registering precompiled user dll's ...
Registered in 0.008540 seconds.
Begin MonoManager ReloadAssembly
Symbol file LoadedFromMemory doesn't match image C:\Users\Misha\Documents\GitHub\DragonPicker\My project\Library\PackageCache\com.unity.visualscripting@1.8.0\Editor\VisualScripting.Core\Dependencies\YamlDotNet\Unity.VisualScripting.YamlDotNet.dll
Symbol file LoadedFromMemory doesn't match image C:\Users\Misha\Documents\GitHub\DragonPicker\My project\Library\PackageCache\com.unity.visualscripting@1.8.0\Editor\VisualScripting.Core\Dependencies\DotNetZip\Unity.VisualScripting.IonicZip.dll
Native extension for UWP target not found
Native extension for WindowsStandalone target not found
Native extension for iOS target not found
Native extension for Android target not found
Native extension for WebGL target not found
Refreshing native plugins compatible for Editor in 0.74 ms, found 3 plugins.
Preloading 0 native plugins for Editor in 0.00 ms.
Mono: successfully reloaded assembly
- Completed reload, in  1.987 seconds
Domain Reload Profiling:
	ReloadAssembly (1988ms)
		BeginReloadAssembly (218ms)
			ExecutionOrderSort (0ms)
			DisableScriptedObjects (11ms)
			BackupInstance (0ms)
			ReleaseScriptingObjects (0ms)
			CreateAndSetChildDomain (55ms)
		EndReloadAssembly (1593ms)
			LoadAssemblies (156ms)
			RebuildTransferFunctionScriptingTraits (0ms)
			SetupTypeCache (643ms)
			ReleaseScriptCaches (5ms)
			RebuildScriptCaches (91ms)
			SetupLoadedEditorAssemblies (591ms)
				LogAssemblyErrors (0ms)
				InitializePlatformSupportModulesInManaged (67ms)
				SetLoadedEditorAssemblies (1ms)
				RefreshPlugins (1ms)
				BeforeProcessingInitializeOnLoad (114ms)
				ProcessInitializeOnLoadAttributes (360ms)
				ProcessInitializeOnLoadMethodAttributes (33ms)
				AfterProcessingInitializeOnLoad (14ms)
				EditorAssembliesLoaded (0ms)
			ExecutionOrderSort2 (0ms)
			AwakeInstancesAfterBackupRestoration (10ms)
Platform modules already initialized, skipping
Shader 'Custom/AdditiveTintable': fallback shader 'Particles/Additive (Soft)' not found
Refreshing native plugins compatible for Editor in 3.10 ms, found 3 plugins.
Preloading 0 native plugins for Editor in 0.00 ms.
Unloading 3145 Unused Serialized files (Serialized files now loaded: 0)
Unloading 19 unused Assets / (81.0 KB). Loaded Objects now: 3668.
Memory consumption went from 117.6 MB to 117.5 MB.
Total: 4.781900 ms (FindLiveObjects: 0.345900 ms CreateObjectMapping: 0.287700 ms MarkObjects: 4.003000 ms  DeleteObjects: 0.144000 ms)

AssetImportParameters requested are different than current active one (requested -> active):
  custom:video-decoder-ogg-theora: a1e56fd34408186e4bbccfd4996cb3dc -> 
  custom:container-muxer-webm: aa71ff27fc2769a1b78a27578f13a17b -> 
  custom:container-demuxer-webm: 4f35f7cbe854078d1ac9338744f61a02 -> 
  custom:video-encoder-webm-vp8: eb34c28f22e8b96e1ab97ce403110664 -> 
  custom:audio-encoder-webm-vorbis: bf7c407c2cedff20999df2af8eb42d56 -> 
  custom:framework-win-MediaFoundation: 216162199b28c13a410421893ffa2e32 -> 
  custom:container-demuxer-ogg: 62fdf1f143b41e24485cea50d1cbac27 -> 
  custom:video-decoder-webm-vp8: 9c59270c3fd7afecdb556c50c9e8de78 -> 
  custom:audio-decoder-ogg-vorbis: bf7c407c2cedff20999df2af8eb42d56 -> 
========================================================================
Received Prepare
Registering precompiled user dll's ...
Registered in 0.006912 seconds.
Begin MonoManager ReloadAssembly
Symbol file LoadedFromMemory doesn't match image C:\Users\Misha\Documents\GitHub\DragonPicker\My project\Library\PackageCache\com.unity.visualscripting@1.8.0\Editor\VisualScripting.Core\Dependencies\YamlDotNet\Unity.VisualScripting.YamlDotNet.dll
Symbol file LoadedFromMemory doesn't match image C:\Users\Misha\Documents\GitHub\DragonPicker\My project\Library\PackageCache\com.unity.visualscripting@1.8.0\Editor\VisualScripting.Core\Dependencies\DotNetZip\Unity.VisualScripting.IonicZip.dll
Native extension for UWP target not found
Native extension for WindowsStandalone target not found
Native extension for iOS target not found
Native extension for Android target not found
Native extension for WebGL target not found
Refreshing native plugins compatible for Editor in 0.82 ms, found 3 plugins.
Preloading 0 native plugins for Editor in 0.00 ms.
Mono: successfully reloaded assembly
- Completed reload, in  2.046 seconds
Domain Reload Profiling:
	ReloadAssembly (2047ms)
		BeginReloadAssembly (225ms)
			ExecutionOrderSort (0ms)
			DisableScriptedObjects (11ms)
			BackupInstance (0ms)
			ReleaseScriptingObjects (0ms)
			CreateAndSetChildDomain (57ms)
		EndReloadAssembly (1658ms)
			LoadAssemblies (174ms)
			RebuildTransferFunctionScriptingTraits (0ms)
			SetupTypeCache (562ms)
			ReleaseScriptCaches (3ms)
			RebuildScriptCaches (83ms)
			SetupLoadedEditorAssemblies (648ms)
				LogAssemblyErrors (0ms)
				InitializePlatformSupportModulesInManaged (75ms)
				SetLoadedEditorAssemblies (1ms)
				RefreshPlugins (1ms)
				BeforeProcessingInitializeOnLoad (146ms)
				ProcessInitializeOnLoadAttributes (374ms)
				ProcessInitializeOnLoadMethodAttributes (38ms)
				AfterProcessingInitializeOnLoad (13ms)
				EditorAssembliesLoaded (0ms)
			ExecutionOrderSort2 (0ms)
			AwakeInstancesAfterBackupRestoration (10ms)
Platform modules already initialized, skipping
Shader 'Custom/AdditiveTintable': fallback shader 'Particles/Additive (Soft)' not found
Refreshing native plugins compatible for Editor in 3.60 ms, found 3 plugins.
Preloading 0 native plugins for Editor in 0.00 ms.
Unloading 3145 Unused Serialized files (Serialized files now loaded: 0)
Unloading 19 unused Assets / (80.9 KB). Loaded Objects now: 3671.
Memory consumption went from 117.6 MB to 117.5 MB.
Total: 4.051500 ms (FindLiveObjects: 0.419200 ms CreateObjectMapping: 0.128700 ms MarkObjects: 3.376700 ms  DeleteObjects: 0.125900 ms)

AssetImportParameters requested are different than current active one (requested -> active):
  custom:video-decoder-ogg-theora: a1e56fd34408186e4bbccfd4996cb3dc -> 
  custom:container-muxer-webm: aa71ff27fc2769a1b78a27578f13a17b -> 
  custom:container-demuxer-webm: 4f35f7cbe854078d1ac9338744f61a02 -> 
  custom:video-encoder-webm-vp8: eb34c28f22e8b96e1ab97ce403110664 -> 
  custom:audio-encoder-webm-vorbis: bf7c407c2cedff20999df2af8eb42d56 -> 
  custom:framework-win-MediaFoundation: 216162199b28c13a410421893ffa2e32 -> 
  custom:container-demuxer-ogg: 62fdf1f143b41e24485cea50d1cbac27 -> 
  custom:video-decoder-webm-vp8: 9c59270c3fd7afecdb556c50c9e8de78 -> 
  custom:audio-decoder-ogg-vorbis: bf7c407c2cedff20999df2af8eb42d56 -> 
